{"total": {"lines":{"total":441,"covered":342,"skipped":0,"pct":77.55},"statements":{"total":441,"covered":342,"skipped":0,"pct":77.55},"functions":{"total":16,"covered":5,"skipped":0,"pct":31.25},"branches":{"total":69,"covered":45,"skipped":0,"pct":65.21},"branchesTrue":{"total":0,"covered":0,"skipped":0,"pct":100}}
,"/workspace/universo-platformo-react/apps/analytics-frt/base/gulpfile.ts": {"lines":{"total":8,"covered":0,"skipped":0,"pct":0},"functions":{"total":1,"covered":0,"skipped":0,"pct":0},"statements":{"total":8,"covered":0,"skipped":0,"pct":0},"branches":{"total":1,"covered":0,"skipped":0,"pct":0}}
,"/workspace/universo-platformo-react/apps/analytics-frt/base/src/index.ts": {"lines":{"total":1,"covered":0,"skipped":0,"pct":0},"functions":{"total":1,"covered":0,"skipped":0,"pct":0},"statements":{"total":1,"covered":0,"skipped":0,"pct":0},"branches":{"total":1,"covered":0,"skipped":0,"pct":0}}
,"/workspace/universo-platformo-react/apps/analytics-frt/base/src/i18n/index.js": {"lines":{"total":24,"covered":0,"skipped":0,"pct":0},"functions":{"total":1,"covered":0,"skipped":0,"pct":0},"statements":{"total":24,"covered":0,"skipped":0,"pct":0},"branches":{"total":1,"covered":0,"skipped":0,"pct":0}}
,"/workspace/universo-platformo-react/apps/analytics-frt/base/src/pages/Analytics.jsx": {"lines":{"total":408,"covered":342,"skipped":0,"pct":83.82},"functions":{"total":13,"covered":5,"skipped":0,"pct":38.46},"statements":{"total":408,"covered":342,"skipped":0,"pct":83.82},"branches":{"total":66,"covered":45,"skipped":0,"pct":68.18}}
}
