{"total": {"lines":{"total":446,"covered":346,"skipped":0,"pct":77.57},"statements":{"total":446,"covered":346,"skipped":0,"pct":77.57},"functions":{"total":16,"covered":5,"skipped":0,"pct":31.25},"branches":{"total":73,"covered":46,"skipped":0,"pct":63.01},"branchesTrue":{"total":0,"covered":0,"skipped":0,"pct":100}}
,"/home/vladimir/GigaProjects/universo-platformo-react/apps/analytics-frt/base/gulpfile.ts": {"lines":{"total":8,"covered":0,"skipped":0,"pct":0},"functions":{"total":1,"covered":0,"skipped":0,"pct":0},"statements":{"total":8,"covered":0,"skipped":0,"pct":0},"branches":{"total":1,"covered":0,"skipped":0,"pct":0}}
,"/home/vladimir/GigaProjects/universo-platformo-react/apps/analytics-frt/base/src/index.ts": {"lines":{"total":1,"covered":0,"skipped":0,"pct":0},"functions":{"total":1,"covered":0,"skipped":0,"pct":0},"statements":{"total":1,"covered":0,"skipped":0,"pct":0},"branches":{"total":1,"covered":0,"skipped":0,"pct":0}}
,"/home/vladimir/GigaProjects/universo-platformo-react/apps/analytics-frt/base/src/i18n/index.js": {"lines":{"total":24,"covered":0,"skipped":0,"pct":0},"functions":{"total":1,"covered":0,"skipped":0,"pct":0},"statements":{"total":24,"covered":0,"skipped":0,"pct":0},"branches":{"total":1,"covered":0,"skipped":0,"pct":0}}
,"/home/vladimir/GigaProjects/universo-platformo-react/apps/analytics-frt/base/src/pages/Analytics.jsx": {"lines":{"total":413,"covered":346,"skipped":0,"pct":83.77},"functions":{"total":13,"covered":5,"skipped":0,"pct":38.46},"statements":{"total":413,"covered":346,"skipped":0,"pct":83.77},"branches":{"total":70,"covered":46,"skipped":0,"pct":65.71}}
}
