{"total": {"lines":{"total":359,"covered":222,"skipped":0,"pct":61.83},"statements":{"total":359,"covered":222,"skipped":0,"pct":61.83},"functions":{"total":15,"covered":6,"skipped":0,"pct":40},"branches":{"total":37,"covered":19,"skipped":0,"pct":51.35},"branchesTrue":{"total":0,"covered":0,"skipped":0,"pct":100}}
,"/workspace/universo-platformo-react/apps/profile-frt/base/gulpfile.ts": {"lines":{"total":8,"covered":0,"skipped":0,"pct":0},"functions":{"total":1,"covered":0,"skipped":0,"pct":0},"statements":{"total":8,"covered":0,"skipped":0,"pct":0},"branches":{"total":1,"covered":0,"skipped":0,"pct":0}}
,"/workspace/universo-platformo-react/apps/profile-frt/base/src/index.ts": {"lines":{"total":1,"covered":0,"skipped":0,"pct":0},"functions":{"total":1,"covered":0,"skipped":0,"pct":0},"statements":{"total":1,"covered":0,"skipped":0,"pct":0},"branches":{"total":1,"covered":0,"skipped":0,"pct":0}}
,"/workspace/universo-platformo-react/apps/profile-frt/base/src/i18n/index.js": {"lines":{"total":13,"covered":0,"skipped":0,"pct":0},"functions":{"total":1,"covered":0,"skipped":0,"pct":0},"statements":{"total":13,"covered":0,"skipped":0,"pct":0},"branches":{"total":1,"covered":0,"skipped":0,"pct":0}}
,"/workspace/universo-platformo-react/apps/profile-frt/base/src/pages/Profile.jsx": {"lines":{"total":337,"covered":222,"skipped":0,"pct":65.87},"functions":{"total":12,"covered":6,"skipped":0,"pct":50},"statements":{"total":337,"covered":222,"skipped":0,"pct":65.87},"branches":{"total":34,"covered":19,"skipped":0,"pct":55.88}}
}
