{"total": {"lines":{"total":548,"covered":45,"skipped":0,"pct":8.21},"statements":{"total":548,"covered":45,"skipped":0,"pct":8.21},"functions":{"total":11,"covered":3,"skipped":0,"pct":27.27},"branches":{"total":13,"covered":6,"skipped":0,"pct":46.15},"branchesTrue":{"total":0,"covered":0,"skipped":0,"pct":100}}
,"/workspace/universo-platformo-react/apps/uniks-frt/base/gulpfile.ts": {"lines":{"total":7,"covered":0,"skipped":0,"pct":0},"functions":{"total":1,"covered":0,"skipped":0,"pct":0},"statements":{"total":7,"covered":0,"skipped":0,"pct":0},"branches":{"total":1,"covered":0,"skipped":0,"pct":0}}
,"/workspace/universo-platformo-react/apps/uniks-frt/base/src/index.ts": {"lines":{"total":1,"covered":0,"skipped":0,"pct":0},"functions":{"total":1,"covered":0,"skipped":0,"pct":0},"statements":{"total":1,"covered":0,"skipped":0,"pct":0},"branches":{"total":1,"covered":0,"skipped":0,"pct":0}}
,"/workspace/universo-platformo-react/apps/uniks-frt/base/src/i18n/index.js": {"lines":{"total":13,"covered":0,"skipped":0,"pct":0},"functions":{"total":1,"covered":0,"skipped":0,"pct":0},"statements":{"total":13,"covered":0,"skipped":0,"pct":0},"branches":{"total":1,"covered":0,"skipped":0,"pct":0}}
,"/workspace/universo-platformo-react/apps/uniks-frt/base/src/menu-items/unikDashboard.js": {"lines":{"total":117,"covered":0,"skipped":0,"pct":0},"functions":{"total":1,"covered":0,"skipped":0,"pct":0},"statements":{"total":117,"covered":0,"skipped":0,"pct":0},"branches":{"total":1,"covered":0,"skipped":0,"pct":0}}
,"/workspace/universo-platformo-react/apps/uniks-frt/base/src/pages/UnikDetail.jsx": {"lines":{"total":45,"covered":45,"skipped":0,"pct":100},"functions":{"total":4,"covered":3,"skipped":0,"pct":75},"statements":{"total":45,"covered":45,"skipped":0,"pct":100},"branches":{"total":6,"covered":6,"skipped":0,"pct":100}}
,"/workspace/universo-platformo-react/apps/uniks-frt/base/src/pages/UnikDialog.jsx": {"lines":{"total":88,"covered":0,"skipped":0,"pct":0},"functions":{"total":1,"covered":0,"skipped":0,"pct":0},"statements":{"total":88,"covered":0,"skipped":0,"pct":0},"branches":{"total":1,"covered":0,"skipped":0,"pct":0}}
,"/workspace/universo-platformo-react/apps/uniks-frt/base/src/pages/UnikList.jsx": {"lines":{"total":221,"covered":0,"skipped":0,"pct":0},"functions":{"total":1,"covered":0,"skipped":0,"pct":0},"statements":{"total":221,"covered":0,"skipped":0,"pct":0},"branches":{"total":1,"covered":0,"skipped":0,"pct":0}}
,"/workspace/universo-platformo-react/apps/uniks-frt/base/src/pages/unik/unikActions.jsx": {"lines":{"total":56,"covered":0,"skipped":0,"pct":0},"functions":{"total":1,"covered":0,"skipped":0,"pct":0},"statements":{"total":56,"covered":0,"skipped":0,"pct":0},"branches":{"total":1,"covered":0,"skipped":0,"pct":0}}
}
