{"total": {"lines":{"total":6223,"covered":1137,"skipped":0,"pct":18.27},"statements":{"total":6223,"covered":1137,"skipped":0,"pct":18.27},"functions":{"total":196,"covered":40,"skipped":0,"pct":20.4},"branches":{"total":250,"covered":124,"skipped":0,"pct":49.6},"branchesTrue":{"total":0,"covered":0,"skipped":0,"pct":100}}
,"/home/vladimir/GigaProjects/universo-platformo-react/apps/publish-frt/base/gulpfile.ts": {"lines":{"total":24,"covered":0,"skipped":0,"pct":0},"functions":{"total":1,"covered":0,"skipped":0,"pct":0},"statements":{"total":24,"covered":0,"skipped":0,"pct":0},"branches":{"total":1,"covered":0,"skipped":0,"pct":0}}
,"/home/vladimir/GigaProjects/universo-platformo-react/apps/publish-frt/base/src/index.ts": {"lines":{"total":4,"covered":0,"skipped":0,"pct":0},"functions":{"total":1,"covered":0,"skipped":0,"pct":0},"statements":{"total":4,"covered":0,"skipped":0,"pct":0},"branches":{"total":1,"covered":0,"skipped":0,"pct":0}}
,"/home/vladimir/GigaProjects/universo-platformo-react/apps/publish-frt/base/src/api/canvasVersions.ts": {"lines":{"total":71,"covered":8,"skipped":0,"pct":11.26},"functions":{"total":5,"covered":0,"skipped":0,"pct":0},"statements":{"total":71,"covered":8,"skipped":0,"pct":11.26},"branches":{"total":0,"covered":0,"skipped":0,"pct":100}}
,"/home/vladimir/GigaProjects/universo-platformo-react/apps/publish-frt/base/src/api/client.ts": {"lines":{"total":17,"covered":5,"skipped":0,"pct":29.41},"functions":{"total":3,"covered":0,"skipped":0,"pct":0},"statements":{"total":17,"covered":5,"skipped":0,"pct":29.41},"branches":{"total":0,"covered":0,"skipped":0,"pct":100}}
,"/home/vladimir/GigaProjects/universo-platformo-react/apps/publish-frt/base/src/api/common.ts": {"lines":{"total":50,"covered":0,"skipped":0,"pct":0},"functions":{"total":1,"covered":1,"skipped":0,"pct":100},"statements":{"total":50,"covered":0,"skipped":0,"pct":0},"branches":{"total":1,"covered":1,"skipped":0,"pct":100}}
,"/home/vladimir/GigaProjects/universo-platformo-react/apps/publish-frt/base/src/api/index.ts": {"lines":{"total":1,"covered":1,"skipped":0,"pct":100},"functions":{"total":0,"covered":0,"skipped":0,"pct":100},"statements":{"total":1,"covered":1,"skipped":0,"pct":100},"branches":{"total":0,"covered":0,"skipped":0,"pct":100}}
,"/home/vladimir/GigaProjects/universo-platformo-react/apps/publish-frt/base/src/api/queryKeys.ts": {"lines":{"total":35,"covered":32,"skipped":0,"pct":91.42},"functions":{"total":17,"covered":7,"skipped":0,"pct":41.17},"statements":{"total":35,"covered":32,"skipped":0,"pct":91.42},"branches":{"total":9,"covered":7,"skipped":0,"pct":77.77}}
,"/home/vladimir/GigaProjects/universo-platformo-react/apps/publish-frt/base/src/api/publication/ARJSPublicationApi.ts": {"lines":{"total":17,"covered":7,"skipped":0,"pct":41.17},"functions":{"total":4,"covered":0,"skipped":0,"pct":0},"statements":{"total":17,"covered":7,"skipped":0,"pct":41.17},"branches":{"total":0,"covered":0,"skipped":0,"pct":100}}
,"/home/vladimir/GigaProjects/universo-platformo-react/apps/publish-frt/base/src/api/publication/PlayCanvasPublicationApi.ts": {"lines":{"total":9,"covered":5,"skipped":0,"pct":55.55},"functions":{"total":2,"covered":0,"skipped":0,"pct":0},"statements":{"total":9,"covered":5,"skipped":0,"pct":55.55},"branches":{"total":0,"covered":0,"skipped":0,"pct":100}}
,"/home/vladimir/GigaProjects/universo-platformo-react/apps/publish-frt/base/src/api/publication/PublicationApi.ts": {"lines":{"total":128,"covered":11,"skipped":0,"pct":8.59},"functions":{"total":8,"covered":0,"skipped":0,"pct":0},"statements":{"total":128,"covered":11,"skipped":0,"pct":8.59},"branches":{"total":0,"covered":0,"skipped":0,"pct":100}}
,"/home/vladimir/GigaProjects/universo-platformo-react/apps/publish-frt/base/src/api/publication/PublishLinksApi.ts": {"lines":{"total":68,"covered":10,"skipped":0,"pct":14.7},"functions":{"total":6,"covered":0,"skipped":0,"pct":0},"statements":{"total":68,"covered":10,"skipped":0,"pct":14.7},"branches":{"total":0,"covered":0,"skipped":0,"pct":100}}
,"/home/vladimir/GigaProjects/universo-platformo-react/apps/publish-frt/base/src/api/publication/StreamingPublicationApi.ts": {"lines":{"total":56,"covered":7,"skipped":0,"pct":12.5},"functions":{"total":3,"covered":0,"skipped":0,"pct":0},"statements":{"total":56,"covered":7,"skipped":0,"pct":12.5},"branches":{"total":0,"covered":0,"skipped":0,"pct":100}}
,"/home/vladimir/GigaProjects/universo-platformo-react/apps/publish-frt/base/src/api/publication/index.ts": {"lines":{"total":1,"covered":1,"skipped":0,"pct":100},"functions":{"total":0,"covered":0,"skipped":0,"pct":100},"statements":{"total":1,"covered":1,"skipped":0,"pct":100},"branches":{"total":0,"covered":0,"skipped":0,"pct":100}}
,"/home/vladimir/GigaProjects/universo-platformo-react/apps/publish-frt/base/src/assets/libs/aframe/1.7.1/aframe.min.js": {"lines":{"total":2,"covered":0,"skipped":0,"pct":0},"functions":{"total":1,"covered":0,"skipped":0,"pct":0},"statements":{"total":2,"covered":0,"skipped":0,"pct":0},"branches":{"total":1,"covered":0,"skipped":0,"pct":0}}
,"/home/vladimir/GigaProjects/universo-platformo-react/apps/publish-frt/base/src/assets/libs/arjs/3.4.7/aframe-ar.js": {"lines":{"total":1,"covered":0,"skipped":0,"pct":0},"functions":{"total":1,"covered":0,"skipped":0,"pct":0},"statements":{"total":1,"covered":0,"skipped":0,"pct":0},"branches":{"total":1,"covered":0,"skipped":0,"pct":0}}
,"/home/vladimir/GigaProjects/universo-platformo-react/apps/publish-frt/base/src/builders/index.ts": {"lines":{"total":1,"covered":1,"skipped":0,"pct":100},"functions":{"total":0,"covered":0,"skipped":0,"pct":100},"statements":{"total":1,"covered":1,"skipped":0,"pct":100},"branches":{"total":0,"covered":0,"skipped":0,"pct":100}}
,"/home/vladimir/GigaProjects/universo-platformo-react/apps/publish-frt/base/src/builders/common/AbstractTemplateBuilder.ts": {"lines":{"total":140,"covered":11,"skipped":0,"pct":7.85},"functions":{"total":7,"covered":1,"skipped":0,"pct":14.28},"statements":{"total":140,"covered":11,"skipped":0,"pct":7.85},"branches":{"total":1,"covered":1,"skipped":0,"pct":100}}
,"/home/vladimir/GigaProjects/universo-platformo-react/apps/publish-frt/base/src/builders/common/BaseBuilder.ts": {"lines":{"total":36,"covered":5,"skipped":0,"pct":13.88},"functions":{"total":3,"covered":0,"skipped":0,"pct":0},"statements":{"total":36,"covered":5,"skipped":0,"pct":13.88},"branches":{"total":0,"covered":0,"skipped":0,"pct":100}}
,"/home/vladimir/GigaProjects/universo-platformo-react/apps/publish-frt/base/src/builders/common/BuilderRegistry.ts": {"lines":{"total":23,"covered":9,"skipped":0,"pct":39.13},"functions":{"total":6,"covered":1,"skipped":0,"pct":16.66},"statements":{"total":23,"covered":9,"skipped":0,"pct":39.13},"branches":{"total":1,"covered":1,"skipped":0,"pct":100}}
,"/home/vladimir/GigaProjects/universo-platformo-react/apps/publish-frt/base/src/builders/common/TemplateRegistry.ts": {"lines":{"total":65,"covered":45,"skipped":0,"pct":69.23},"functions":{"total":9,"covered":4,"skipped":0,"pct":44.44},"statements":{"total":65,"covered":45,"skipped":0,"pct":69.23},"branches":{"total":4,"covered":4,"skipped":0,"pct":100}}
,"/home/vladimir/GigaProjects/universo-platformo-react/apps/publish-frt/base/src/builders/common/setup.ts": {"lines":{"total":3,"covered":1,"skipped":0,"pct":33.33},"functions":{"total":1,"covered":0,"skipped":0,"pct":0},"statements":{"total":3,"covered":1,"skipped":0,"pct":33.33},"branches":{"total":0,"covered":0,"skipped":0,"pct":100}}
,"/home/vladimir/GigaProjects/universo-platformo-react/apps/publish-frt/base/src/builders/common/types.ts": {"lines":{"total":7,"covered":4,"skipped":0,"pct":57.14},"functions":{"total":1,"covered":0,"skipped":0,"pct":0},"statements":{"total":7,"covered":4,"skipped":0,"pct":57.14},"branches":{"total":0,"covered":0,"skipped":0,"pct":100}}
,"/home/vladimir/GigaProjects/universo-platformo-react/apps/publish-frt/base/src/builders/templates/index.ts": {"lines":{"total":10,"covered":0,"skipped":0,"pct":0},"functions":{"total":1,"covered":1,"skipped":0,"pct":100},"statements":{"total":10,"covered":0,"skipped":0,"pct":0},"branches":{"total":1,"covered":1,"skipped":0,"pct":100}}
,"/home/vladimir/GigaProjects/universo-platformo-react/apps/publish-frt/base/src/builders/templates/mmoomm/playcanvas/PlayCanvasBuilder.ts": {"lines":{"total":69,"covered":0,"skipped":0,"pct":0},"functions":{"total":1,"covered":0,"skipped":0,"pct":0},"statements":{"total":69,"covered":0,"skipped":0,"pct":0},"branches":{"total":1,"covered":0,"skipped":0,"pct":0}}
,"/home/vladimir/GigaProjects/universo-platformo-react/apps/publish-frt/base/src/builders/templates/mmoomm/playcanvas/PlayCanvasMMOOMMBuilder.ts": {"lines":{"total":55,"covered":18,"skipped":0,"pct":32.72},"functions":{"total":9,"covered":2,"skipped":0,"pct":22.22},"statements":{"total":55,"covered":18,"skipped":0,"pct":32.72},"branches":{"total":2,"covered":2,"skipped":0,"pct":100}}
,"/home/vladimir/GigaProjects/universo-platformo-react/apps/publish-frt/base/src/builders/templates/mmoomm/playcanvas/index.ts": {"lines":{"total":1,"covered":0,"skipped":0,"pct":0},"functions":{"total":1,"covered":0,"skipped":0,"pct":0},"statements":{"total":1,"covered":0,"skipped":0,"pct":0},"branches":{"total":1,"covered":0,"skipped":0,"pct":0}}
,"/home/vladimir/GigaProjects/universo-platformo-react/apps/publish-frt/base/src/builders/templates/mmoomm/playcanvas/scripts/BaseScript.ts": {"lines":{"total":2,"covered":0,"skipped":0,"pct":0},"functions":{"total":1,"covered":1,"skipped":0,"pct":100},"statements":{"total":2,"covered":0,"skipped":0,"pct":0},"branches":{"total":1,"covered":1,"skipped":0,"pct":100}}
,"/home/vladimir/GigaProjects/universo-platformo-react/apps/publish-frt/base/src/builders/templates/mmoomm/playcanvas/scripts/RotatorScript.ts": {"lines":{"total":17,"covered":0,"skipped":0,"pct":0},"functions":{"total":1,"covered":0,"skipped":0,"pct":0},"statements":{"total":17,"covered":0,"skipped":0,"pct":0},"branches":{"total":1,"covered":0,"skipped":0,"pct":0}}
,"/home/vladimir/GigaProjects/universo-platformo-react/apps/publish-frt/base/src/builders/templates/mmoomm/playcanvas/scripts/index.ts": {"lines":{"total":7,"covered":0,"skipped":0,"pct":0},"functions":{"total":1,"covered":0,"skipped":0,"pct":0},"statements":{"total":7,"covered":0,"skipped":0,"pct":0},"branches":{"total":1,"covered":0,"skipped":0,"pct":0}}
,"/home/vladimir/GigaProjects/universo-platformo-react/apps/publish-frt/base/src/builders/templates/quiz/arjs/ARJSQuizBuilder.ts": {"lines":{"total":96,"covered":19,"skipped":0,"pct":19.79},"functions":{"total":10,"covered":2,"skipped":0,"pct":20},"statements":{"total":96,"covered":19,"skipped":0,"pct":19.79},"branches":{"total":2,"covered":2,"skipped":0,"pct":100}}
,"/home/vladimir/GigaProjects/universo-platformo-react/apps/publish-frt/base/src/builders/templates/quiz/arjs/index.ts": {"lines":{"total":1,"covered":0,"skipped":0,"pct":0},"functions":{"total":1,"covered":0,"skipped":0,"pct":0},"statements":{"total":1,"covered":0,"skipped":0,"pct":0},"branches":{"total":1,"covered":0,"skipped":0,"pct":0}}
,"/home/vladimir/GigaProjects/universo-platformo-react/apps/publish-frt/base/src/components/ColyseusSettings.jsx": {"lines":{"total":116,"covered":0,"skipped":0,"pct":0},"functions":{"total":1,"covered":0,"skipped":0,"pct":0},"statements":{"total":116,"covered":0,"skipped":0,"pct":0},"branches":{"total":1,"covered":0,"skipped":0,"pct":0}}
,"/home/vladimir/GigaProjects/universo-platformo-react/apps/publish-frt/base/src/components/GameModeSelector.jsx": {"lines":{"total":42,"covered":0,"skipped":0,"pct":0},"functions":{"total":1,"covered":0,"skipped":0,"pct":0},"statements":{"total":42,"covered":0,"skipped":0,"pct":0},"branches":{"total":1,"covered":0,"skipped":0,"pct":0}}
,"/home/vladimir/GigaProjects/universo-platformo-react/apps/publish-frt/base/src/components/GenerationModeSelect.tsx": {"lines":{"total":28,"covered":25,"skipped":0,"pct":89.28},"functions":{"total":2,"covered":1,"skipped":0,"pct":50},"statements":{"total":28,"covered":25,"skipped":0,"pct":89.28},"branches":{"total":2,"covered":1,"skipped":0,"pct":50}}
,"/home/vladimir/GigaProjects/universo-platformo-react/apps/publish-frt/base/src/components/PublicationLink.tsx": {"lines":{"total":74,"covered":0,"skipped":0,"pct":0},"functions":{"total":1,"covered":0,"skipped":0,"pct":0},"statements":{"total":74,"covered":0,"skipped":0,"pct":0},"branches":{"total":1,"covered":0,"skipped":0,"pct":0}}
,"/home/vladimir/GigaProjects/universo-platformo-react/apps/publish-frt/base/src/components/PublicationLinks.tsx": {"lines":{"total":65,"covered":11,"skipped":0,"pct":16.92},"functions":{"total":3,"covered":1,"skipped":0,"pct":33.33},"statements":{"total":65,"covered":11,"skipped":0,"pct":16.92},"branches":{"total":4,"covered":2,"skipped":0,"pct":50}}
,"/home/vladimir/GigaProjects/universo-platformo-react/apps/publish-frt/base/src/components/PublishVersionSection.tsx": {"lines":{"total":298,"covered":2,"skipped":0,"pct":0.67},"functions":{"total":1,"covered":0,"skipped":0,"pct":0},"statements":{"total":298,"covered":2,"skipped":0,"pct":0.67},"branches":{"total":0,"covered":0,"skipped":0,"pct":100}}
,"/home/vladimir/GigaProjects/universo-platformo-react/apps/publish-frt/base/src/components/QRCodeSection.jsx": {"lines":{"total":154,"covered":65,"skipped":0,"pct":42.2},"functions":{"total":7,"covered":1,"skipped":0,"pct":14.28},"statements":{"total":154,"covered":65,"skipped":0,"pct":42.2},"branches":{"total":9,"covered":2,"skipped":0,"pct":22.22}}
,"/home/vladimir/GigaProjects/universo-platformo-react/apps/publish-frt/base/src/components/TemplateSelect.tsx": {"lines":{"total":70,"covered":64,"skipped":0,"pct":91.42},"functions":{"total":3,"covered":2,"skipped":0,"pct":66.66},"statements":{"total":70,"covered":64,"skipped":0,"pct":91.42},"branches":{"total":14,"covered":8,"skipped":0,"pct":57.14}}
,"/home/vladimir/GigaProjects/universo-platformo-react/apps/publish-frt/base/src/components/index.ts": {"lines":{"total":1,"covered":0,"skipped":0,"pct":0},"functions":{"total":1,"covered":0,"skipped":0,"pct":0},"statements":{"total":1,"covered":0,"skipped":0,"pct":0},"branches":{"total":1,"covered":0,"skipped":0,"pct":0}}
,"/home/vladimir/GigaProjects/universo-platformo-react/apps/publish-frt/base/src/config/appConfig.ts": {"lines":{"total":66,"covered":0,"skipped":0,"pct":0},"functions":{"total":1,"covered":0,"skipped":0,"pct":0},"statements":{"total":66,"covered":0,"skipped":0,"pct":0},"branches":{"total":1,"covered":0,"skipped":0,"pct":0}}
,"/home/vladimir/GigaProjects/universo-platformo-react/apps/publish-frt/base/src/features/api/APIShare.jsx": {"lines":{"total":98,"covered":0,"skipped":0,"pct":0},"functions":{"total":1,"covered":0,"skipped":0,"pct":0},"statements":{"total":98,"covered":0,"skipped":0,"pct":0},"branches":{"total":1,"covered":0,"skipped":0,"pct":0}}
,"/home/vladimir/GigaProjects/universo-platformo-react/apps/publish-frt/base/src/features/api/JavaScriptCode.jsx": {"lines":{"total":40,"covered":0,"skipped":0,"pct":0},"functions":{"total":1,"covered":0,"skipped":0,"pct":0},"statements":{"total":40,"covered":0,"skipped":0,"pct":0},"branches":{"total":1,"covered":0,"skipped":0,"pct":0}}
,"/home/vladimir/GigaProjects/universo-platformo-react/apps/publish-frt/base/src/features/api/LinksCode.jsx": {"lines":{"total":62,"covered":0,"skipped":0,"pct":0},"functions":{"total":1,"covered":0,"skipped":0,"pct":0},"statements":{"total":62,"covered":0,"skipped":0,"pct":0},"branches":{"total":1,"covered":0,"skipped":0,"pct":0}}
,"/home/vladimir/GigaProjects/universo-platformo-react/apps/publish-frt/base/src/features/api/PythonCode.jsx": {"lines":{"total":61,"covered":0,"skipped":0,"pct":0},"functions":{"total":1,"covered":0,"skipped":0,"pct":0},"statements":{"total":61,"covered":0,"skipped":0,"pct":0},"branches":{"total":1,"covered":0,"skipped":0,"pct":0}}
,"/home/vladimir/GigaProjects/universo-platformo-react/apps/publish-frt/base/src/features/api/index.ts": {"lines":{"total":1,"covered":0,"skipped":0,"pct":0},"functions":{"total":1,"covered":0,"skipped":0,"pct":0},"statements":{"total":1,"covered":0,"skipped":0,"pct":0},"branches":{"total":1,"covered":0,"skipped":0,"pct":0}}
,"/home/vladimir/GigaProjects/universo-platformo-react/apps/publish-frt/base/src/features/arjs/ARJSExporter.jsx": {"lines":{"total":94,"covered":0,"skipped":0,"pct":0},"functions":{"total":1,"covered":0,"skipped":0,"pct":0},"statements":{"total":94,"covered":0,"skipped":0,"pct":0},"branches":{"total":1,"covered":0,"skipped":0,"pct":0}}
,"/home/vladimir/GigaProjects/universo-platformo-react/apps/publish-frt/base/src/features/arjs/ARJSPublisher.jsx": {"lines":{"total":975,"covered":598,"skipped":0,"pct":61.33},"functions":{"total":29,"covered":7,"skipped":0,"pct":24.13},"statements":{"total":975,"covered":598,"skipped":0,"pct":61.33},"branches":{"total":116,"covered":56,"skipped":0,"pct":48.27}}
,"/home/vladimir/GigaProjects/universo-platformo-react/apps/publish-frt/base/src/features/chatbot/BaseBot.jsx": {"lines":{"total":66,"covered":0,"skipped":0,"pct":0},"functions":{"total":1,"covered":0,"skipped":0,"pct":0},"statements":{"total":66,"covered":0,"skipped":0,"pct":0},"branches":{"total":1,"covered":0,"skipped":0,"pct":0}}
,"/home/vladimir/GigaProjects/universo-platformo-react/apps/publish-frt/base/src/features/chatbot/BaseBotSettings.jsx": {"lines":{"total":396,"covered":0,"skipped":0,"pct":0},"functions":{"total":1,"covered":0,"skipped":0,"pct":0},"statements":{"total":396,"covered":0,"skipped":0,"pct":0},"branches":{"total":1,"covered":0,"skipped":0,"pct":0}}
,"/home/vladimir/GigaProjects/universo-platformo-react/apps/publish-frt/base/src/features/chatbot/BotRouter.jsx": {"lines":{"total":13,"covered":0,"skipped":0,"pct":0},"functions":{"total":1,"covered":0,"skipped":0,"pct":0},"statements":{"total":13,"covered":0,"skipped":0,"pct":0},"branches":{"total":1,"covered":0,"skipped":0,"pct":0}}
,"/home/vladimir/GigaProjects/universo-platformo-react/apps/publish-frt/base/src/features/chatbot/ChatBotSettings.jsx": {"lines":{"total":346,"covered":0,"skipped":0,"pct":0},"functions":{"total":1,"covered":0,"skipped":0,"pct":0},"statements":{"total":346,"covered":0,"skipped":0,"pct":0},"branches":{"total":1,"covered":0,"skipped":0,"pct":0}}
,"/home/vladimir/GigaProjects/universo-platformo-react/apps/publish-frt/base/src/features/chatbot/ChatBotViewer.jsx": {"lines":{"total":49,"covered":0,"skipped":0,"pct":0},"functions":{"total":1,"covered":0,"skipped":0,"pct":0},"statements":{"total":49,"covered":0,"skipped":0,"pct":0},"branches":{"total":1,"covered":0,"skipped":0,"pct":0}}
,"/home/vladimir/GigaProjects/universo-platformo-react/apps/publish-frt/base/src/features/chatbot/index.ts": {"lines":{"total":1,"covered":0,"skipped":0,"pct":0},"functions":{"total":1,"covered":0,"skipped":0,"pct":0},"statements":{"total":1,"covered":0,"skipped":0,"pct":0},"branches":{"total":1,"covered":0,"skipped":0,"pct":0}}
,"/home/vladimir/GigaProjects/universo-platformo-react/apps/publish-frt/base/src/features/chatbot/embed/BaseBotEmbed.jsx": {"lines":{"total":138,"covered":0,"skipped":0,"pct":0},"functions":{"total":1,"covered":0,"skipped":0,"pct":0},"statements":{"total":138,"covered":0,"skipped":0,"pct":0},"branches":{"total":1,"covered":0,"skipped":0,"pct":0}}
,"/home/vladimir/GigaProjects/universo-platformo-react/apps/publish-frt/base/src/features/chatbot/embed/ChatBotEmbed.jsx": {"lines":{"total":177,"covered":0,"skipped":0,"pct":0},"functions":{"total":1,"covered":0,"skipped":0,"pct":0},"statements":{"total":177,"covered":0,"skipped":0,"pct":0},"branches":{"total":1,"covered":0,"skipped":0,"pct":0}}
,"/home/vladimir/GigaProjects/universo-platformo-react/apps/publish-frt/base/src/features/chatbot/embed/index.ts": {"lines":{"total":1,"covered":0,"skipped":0,"pct":0},"functions":{"total":1,"covered":0,"skipped":0,"pct":0},"statements":{"total":1,"covered":0,"skipped":0,"pct":0},"branches":{"total":1,"covered":0,"skipped":0,"pct":0}}
,"/home/vladimir/GigaProjects/universo-platformo-react/apps/publish-frt/base/src/features/dialog/Configuration.jsx": {"lines":{"total":255,"covered":0,"skipped":0,"pct":0},"functions":{"total":1,"covered":0,"skipped":0,"pct":0},"statements":{"total":255,"covered":0,"skipped":0,"pct":0},"branches":{"total":1,"covered":0,"skipped":0,"pct":0}}
,"/home/vladimir/GigaProjects/universo-platformo-react/apps/publish-frt/base/src/features/dialog/EmbedChat.jsx": {"lines":{"total":281,"covered":0,"skipped":0,"pct":0},"functions":{"total":1,"covered":0,"skipped":0,"pct":0},"statements":{"total":281,"covered":0,"skipped":0,"pct":0},"branches":{"total":1,"covered":0,"skipped":0,"pct":0}}
,"/home/vladimir/GigaProjects/universo-platformo-react/apps/publish-frt/base/src/features/dialog/index.ts": {"lines":{"total":1,"covered":0,"skipped":0,"pct":0},"functions":{"total":1,"covered":0,"skipped":0,"pct":0},"statements":{"total":1,"covered":0,"skipped":0,"pct":0},"branches":{"total":1,"covered":0,"skipped":0,"pct":0}}
,"/home/vladimir/GigaProjects/universo-platformo-react/apps/publish-frt/base/src/features/playcanvas/PlayCanvasPublisher.jsx": {"lines":{"total":452,"covered":0,"skipped":0,"pct":0},"functions":{"total":1,"covered":0,"skipped":0,"pct":0},"statements":{"total":452,"covered":0,"skipped":0,"pct":0},"branches":{"total":1,"covered":0,"skipped":0,"pct":0}}
,"/home/vladimir/GigaProjects/universo-platformo-react/apps/publish-frt/base/src/hooks/index.ts": {"lines":{"total":1,"covered":1,"skipped":0,"pct":100},"functions":{"total":0,"covered":0,"skipped":0,"pct":100},"statements":{"total":1,"covered":1,"skipped":0,"pct":100},"branches":{"total":0,"covered":0,"skipped":0,"pct":100}}
,"/home/vladimir/GigaProjects/universo-platformo-react/apps/publish-frt/base/src/hooks/useAutoSave.ts": {"lines":{"total":143,"covered":81,"skipped":0,"pct":56.64},"functions":{"total":2,"covered":1,"skipped":0,"pct":50},"statements":{"total":143,"covered":81,"skipped":0,"pct":56.64},"branches":{"total":23,"covered":17,"skipped":0,"pct":73.91}}
,"/home/vladimir/GigaProjects/universo-platformo-react/apps/publish-frt/base/src/i18n/index.ts": {"lines":{"total":13,"covered":0,"skipped":0,"pct":0},"functions":{"total":1,"covered":0,"skipped":0,"pct":0},"statements":{"total":13,"covered":0,"skipped":0,"pct":0},"branches":{"total":1,"covered":0,"skipped":0,"pct":0}}
,"/home/vladimir/GigaProjects/universo-platformo-react/apps/publish-frt/base/src/pages/public/ARViewPage.tsx": {"lines":{"total":107,"covered":0,"skipped":0,"pct":0},"functions":{"total":1,"covered":0,"skipped":0,"pct":0},"statements":{"total":107,"covered":0,"skipped":0,"pct":0},"branches":{"total":1,"covered":0,"skipped":0,"pct":0}}
,"/home/vladimir/GigaProjects/universo-platformo-react/apps/publish-frt/base/src/pages/public/PlayCanvasViewPage.tsx": {"lines":{"total":113,"covered":0,"skipped":0,"pct":0},"functions":{"total":1,"covered":0,"skipped":0,"pct":0},"statements":{"total":113,"covered":0,"skipped":0,"pct":0},"branches":{"total":1,"covered":0,"skipped":0,"pct":0}}
,"/home/vladimir/GigaProjects/universo-platformo-react/apps/publish-frt/base/src/pages/public/PublicFlowView.tsx": {"lines":{"total":150,"covered":0,"skipped":0,"pct":0},"functions":{"total":1,"covered":0,"skipped":0,"pct":0},"statements":{"total":150,"covered":0,"skipped":0,"pct":0},"branches":{"total":1,"covered":0,"skipped":0,"pct":0}}
,"/home/vladimir/GigaProjects/universo-platformo-react/apps/publish-frt/base/src/types/gameMode.types.ts": {"lines":{"total":6,"covered":0,"skipped":0,"pct":0},"functions":{"total":1,"covered":1,"skipped":0,"pct":100},"statements":{"total":6,"covered":0,"skipped":0,"pct":0},"branches":{"total":1,"covered":1,"skipped":0,"pct":100}}
,"/home/vladimir/GigaProjects/universo-platformo-react/apps/publish-frt/base/src/types/library.types.ts": {"lines":{"total":12,"covered":0,"skipped":0,"pct":0},"functions":{"total":1,"covered":1,"skipped":0,"pct":100},"statements":{"total":12,"covered":0,"skipped":0,"pct":0},"branches":{"total":1,"covered":1,"skipped":0,"pct":100}}
,"/home/vladimir/GigaProjects/universo-platformo-react/apps/publish-frt/base/src/types/publication.types.ts": {"lines":{"total":13,"covered":0,"skipped":0,"pct":0},"functions":{"total":1,"covered":1,"skipped":0,"pct":100},"statements":{"total":13,"covered":0,"skipped":0,"pct":0},"branches":{"total":1,"covered":1,"skipped":0,"pct":100}}
,"/home/vladimir/GigaProjects/universo-platformo-react/apps/publish-frt/base/src/utils/base58Validator.ts": {"lines":{"total":13,"covered":2,"skipped":0,"pct":15.38},"functions":{"total":2,"covered":0,"skipped":0,"pct":0},"statements":{"total":13,"covered":2,"skipped":0,"pct":15.38},"branches":{"total":0,"covered":0,"skipped":0,"pct":100}}
,"/home/vladimir/GigaProjects/universo-platformo-react/apps/publish-frt/base/src/utils/fieldNormalizer.ts": {"lines":{"total":28,"covered":9,"skipped":0,"pct":32.14},"functions":{"total":3,"covered":1,"skipped":0,"pct":33.33},"statements":{"total":28,"covered":9,"skipped":0,"pct":32.14},"branches":{"total":4,"covered":1,"skipped":0,"pct":25}}
,"/home/vladimir/GigaProjects/universo-platformo-react/apps/publish-frt/base/src/utils/svgToPng.js": {"lines":{"total":141,"covered":36,"skipped":0,"pct":25.53},"functions":{"total":4,"covered":0,"skipped":0,"pct":0},"statements":{"total":141,"covered":36,"skipped":0,"pct":25.53},"branches":{"total":0,"covered":0,"skipped":0,"pct":100}}
,"/home/vladimir/GigaProjects/universo-platformo-react/apps/publish-frt/base/src/utils/timerConfig.ts": {"lines":{"total":45,"covered":43,"skipped":0,"pct":95.55},"functions":{"total":3,"covered":3,"skipped":0,"pct":100},"statements":{"total":45,"covered":43,"skipped":0,"pct":95.55},"branches":{"total":16,"covered":14,"skipped":0,"pct":87.5}}
}
