{"total": {"lines":{"total":3703,"covered":694,"skipped":0,"pct":18.74},"statements":{"total":3703,"covered":694,"skipped":0,"pct":18.74},"functions":{"total":121,"covered":24,"skipped":0,"pct":19.83},"branches":{"total":151,"covered":61,"skipped":0,"pct":40.39},"branchesTrue":{"total":0,"covered":0,"skipped":0,"pct":100}}
,"/home/vladimir/GigaProjects/universo-platformo-react/apps/publish-frt/base/gulpfile.ts": {"lines":{"total":24,"covered":0,"skipped":0,"pct":0},"functions":{"total":1,"covered":0,"skipped":0,"pct":0},"statements":{"total":24,"covered":0,"skipped":0,"pct":0},"branches":{"total":1,"covered":0,"skipped":0,"pct":0}}
,"/home/vladimir/GigaProjects/universo-platformo-react/apps/publish-frt/base/src/index.ts": {"lines":{"total":6,"covered":0,"skipped":0,"pct":0},"functions":{"total":1,"covered":0,"skipped":0,"pct":0},"statements":{"total":6,"covered":0,"skipped":0,"pct":0},"branches":{"total":1,"covered":0,"skipped":0,"pct":0}}
,"/home/vladimir/GigaProjects/universo-platformo-react/apps/publish-frt/base/src/api/canvasVersions.ts": {"lines":{"total":7,"covered":0,"skipped":0,"pct":0},"functions":{"total":1,"covered":0,"skipped":0,"pct":0},"statements":{"total":7,"covered":0,"skipped":0,"pct":0},"branches":{"total":1,"covered":0,"skipped":0,"pct":0}}
,"/home/vladimir/GigaProjects/universo-platformo-react/apps/publish-frt/base/src/api/common.ts": {"lines":{"total":66,"covered":0,"skipped":0,"pct":0},"functions":{"total":1,"covered":1,"skipped":0,"pct":100},"statements":{"total":66,"covered":0,"skipped":0,"pct":0},"branches":{"total":1,"covered":1,"skipped":0,"pct":100}}
,"/home/vladimir/GigaProjects/universo-platformo-react/apps/publish-frt/base/src/api/index.ts": {"lines":{"total":1,"covered":0,"skipped":0,"pct":0},"functions":{"total":1,"covered":0,"skipped":0,"pct":0},"statements":{"total":1,"covered":0,"skipped":0,"pct":0},"branches":{"total":1,"covered":0,"skipped":0,"pct":0}}
,"/home/vladimir/GigaProjects/universo-platformo-react/apps/publish-frt/base/src/api/publishLinks.ts": {"lines":{"total":54,"covered":0,"skipped":0,"pct":0},"functions":{"total":1,"covered":0,"skipped":0,"pct":0},"statements":{"total":54,"covered":0,"skipped":0,"pct":0},"branches":{"total":1,"covered":0,"skipped":0,"pct":0}}
,"/home/vladimir/GigaProjects/universo-platformo-react/apps/publish-frt/base/src/api/publication/ARJSPublicationApi.ts": {"lines":{"total":17,"covered":0,"skipped":0,"pct":0},"functions":{"total":1,"covered":0,"skipped":0,"pct":0},"statements":{"total":17,"covered":0,"skipped":0,"pct":0},"branches":{"total":1,"covered":0,"skipped":0,"pct":0}}
,"/home/vladimir/GigaProjects/universo-platformo-react/apps/publish-frt/base/src/api/publication/PlayCanvasPublicationApi.ts": {"lines":{"total":9,"covered":0,"skipped":0,"pct":0},"functions":{"total":1,"covered":0,"skipped":0,"pct":0},"statements":{"total":9,"covered":0,"skipped":0,"pct":0},"branches":{"total":1,"covered":0,"skipped":0,"pct":0}}
,"/home/vladimir/GigaProjects/universo-platformo-react/apps/publish-frt/base/src/api/publication/PublicationApi.ts": {"lines":{"total":134,"covered":0,"skipped":0,"pct":0},"functions":{"total":1,"covered":0,"skipped":0,"pct":0},"statements":{"total":134,"covered":0,"skipped":0,"pct":0},"branches":{"total":1,"covered":0,"skipped":0,"pct":0}}
,"/home/vladimir/GigaProjects/universo-platformo-react/apps/publish-frt/base/src/api/publication/PublishLinksApi.ts": {"lines":{"total":98,"covered":0,"skipped":0,"pct":0},"functions":{"total":1,"covered":0,"skipped":0,"pct":0},"statements":{"total":98,"covered":0,"skipped":0,"pct":0},"branches":{"total":1,"covered":0,"skipped":0,"pct":0}}
,"/home/vladimir/GigaProjects/universo-platformo-react/apps/publish-frt/base/src/api/publication/StreamingPublicationApi.ts": {"lines":{"total":62,"covered":0,"skipped":0,"pct":0},"functions":{"total":1,"covered":0,"skipped":0,"pct":0},"statements":{"total":62,"covered":0,"skipped":0,"pct":0},"branches":{"total":1,"covered":0,"skipped":0,"pct":0}}
,"/home/vladimir/GigaProjects/universo-platformo-react/apps/publish-frt/base/src/api/publication/index.ts": {"lines":{"total":1,"covered":0,"skipped":0,"pct":0},"functions":{"total":1,"covered":0,"skipped":0,"pct":0},"statements":{"total":1,"covered":0,"skipped":0,"pct":0},"branches":{"total":1,"covered":0,"skipped":0,"pct":0}}
,"/home/vladimir/GigaProjects/universo-platformo-react/apps/publish-frt/base/src/assets/libs/aframe/1.7.1/aframe.min.js": {"lines":{"total":2,"covered":0,"skipped":0,"pct":0},"functions":{"total":1,"covered":0,"skipped":0,"pct":0},"statements":{"total":2,"covered":0,"skipped":0,"pct":0},"branches":{"total":1,"covered":0,"skipped":0,"pct":0}}
,"/home/vladimir/GigaProjects/universo-platformo-react/apps/publish-frt/base/src/assets/libs/arjs/3.4.7/aframe-ar.js": {"lines":{"total":1,"covered":0,"skipped":0,"pct":0},"functions":{"total":1,"covered":0,"skipped":0,"pct":0},"statements":{"total":1,"covered":0,"skipped":0,"pct":0},"branches":{"total":1,"covered":0,"skipped":0,"pct":0}}
,"/home/vladimir/GigaProjects/universo-platformo-react/apps/publish-frt/base/src/builders/index.ts": {"lines":{"total":1,"covered":1,"skipped":0,"pct":100},"functions":{"total":0,"covered":0,"skipped":0,"pct":100},"statements":{"total":1,"covered":1,"skipped":0,"pct":100},"branches":{"total":0,"covered":0,"skipped":0,"pct":100}}
,"/home/vladimir/GigaProjects/universo-platformo-react/apps/publish-frt/base/src/builders/common/AbstractTemplateBuilder.ts": {"lines":{"total":140,"covered":11,"skipped":0,"pct":7.85},"functions":{"total":7,"covered":1,"skipped":0,"pct":14.28},"statements":{"total":140,"covered":11,"skipped":0,"pct":7.85},"branches":{"total":1,"covered":1,"skipped":0,"pct":100}}
,"/home/vladimir/GigaProjects/universo-platformo-react/apps/publish-frt/base/src/builders/common/BaseBuilder.ts": {"lines":{"total":36,"covered":5,"skipped":0,"pct":13.88},"functions":{"total":3,"covered":0,"skipped":0,"pct":0},"statements":{"total":36,"covered":5,"skipped":0,"pct":13.88},"branches":{"total":0,"covered":0,"skipped":0,"pct":100}}
,"/home/vladimir/GigaProjects/universo-platformo-react/apps/publish-frt/base/src/builders/common/BuilderRegistry.ts": {"lines":{"total":23,"covered":9,"skipped":0,"pct":39.13},"functions":{"total":6,"covered":1,"skipped":0,"pct":16.66},"statements":{"total":23,"covered":9,"skipped":0,"pct":39.13},"branches":{"total":1,"covered":1,"skipped":0,"pct":100}}
,"/home/vladimir/GigaProjects/universo-platformo-react/apps/publish-frt/base/src/builders/common/TemplateRegistry.ts": {"lines":{"total":65,"covered":45,"skipped":0,"pct":69.23},"functions":{"total":9,"covered":4,"skipped":0,"pct":44.44},"statements":{"total":65,"covered":45,"skipped":0,"pct":69.23},"branches":{"total":4,"covered":4,"skipped":0,"pct":100}}
,"/home/vladimir/GigaProjects/universo-platformo-react/apps/publish-frt/base/src/builders/common/setup.ts": {"lines":{"total":3,"covered":1,"skipped":0,"pct":33.33},"functions":{"total":1,"covered":0,"skipped":0,"pct":0},"statements":{"total":3,"covered":1,"skipped":0,"pct":33.33},"branches":{"total":0,"covered":0,"skipped":0,"pct":100}}
,"/home/vladimir/GigaProjects/universo-platformo-react/apps/publish-frt/base/src/builders/common/types.ts": {"lines":{"total":7,"covered":4,"skipped":0,"pct":57.14},"functions":{"total":1,"covered":0,"skipped":0,"pct":0},"statements":{"total":7,"covered":4,"skipped":0,"pct":57.14},"branches":{"total":0,"covered":0,"skipped":0,"pct":100}}
,"/home/vladimir/GigaProjects/universo-platformo-react/apps/publish-frt/base/src/builders/templates/index.ts": {"lines":{"total":10,"covered":0,"skipped":0,"pct":0},"functions":{"total":1,"covered":1,"skipped":0,"pct":100},"statements":{"total":10,"covered":0,"skipped":0,"pct":0},"branches":{"total":1,"covered":1,"skipped":0,"pct":100}}
,"/home/vladimir/GigaProjects/universo-platformo-react/apps/publish-frt/base/src/builders/templates/mmoomm/playcanvas/PlayCanvasBuilder.ts": {"lines":{"total":69,"covered":0,"skipped":0,"pct":0},"functions":{"total":1,"covered":0,"skipped":0,"pct":0},"statements":{"total":69,"covered":0,"skipped":0,"pct":0},"branches":{"total":1,"covered":0,"skipped":0,"pct":0}}
,"/home/vladimir/GigaProjects/universo-platformo-react/apps/publish-frt/base/src/builders/templates/mmoomm/playcanvas/PlayCanvasMMOOMMBuilder.ts": {"lines":{"total":55,"covered":18,"skipped":0,"pct":32.72},"functions":{"total":9,"covered":2,"skipped":0,"pct":22.22},"statements":{"total":55,"covered":18,"skipped":0,"pct":32.72},"branches":{"total":2,"covered":2,"skipped":0,"pct":100}}
,"/home/vladimir/GigaProjects/universo-platformo-react/apps/publish-frt/base/src/builders/templates/mmoomm/playcanvas/index.ts": {"lines":{"total":1,"covered":0,"skipped":0,"pct":0},"functions":{"total":1,"covered":0,"skipped":0,"pct":0},"statements":{"total":1,"covered":0,"skipped":0,"pct":0},"branches":{"total":1,"covered":0,"skipped":0,"pct":0}}
,"/home/vladimir/GigaProjects/universo-platformo-react/apps/publish-frt/base/src/builders/templates/mmoomm/playcanvas/scripts/BaseScript.ts": {"lines":{"total":2,"covered":0,"skipped":0,"pct":0},"functions":{"total":1,"covered":1,"skipped":0,"pct":100},"statements":{"total":2,"covered":0,"skipped":0,"pct":0},"branches":{"total":1,"covered":1,"skipped":0,"pct":100}}
,"/home/vladimir/GigaProjects/universo-platformo-react/apps/publish-frt/base/src/builders/templates/mmoomm/playcanvas/scripts/RotatorScript.ts": {"lines":{"total":17,"covered":0,"skipped":0,"pct":0},"functions":{"total":1,"covered":0,"skipped":0,"pct":0},"statements":{"total":17,"covered":0,"skipped":0,"pct":0},"branches":{"total":1,"covered":0,"skipped":0,"pct":0}}
,"/home/vladimir/GigaProjects/universo-platformo-react/apps/publish-frt/base/src/builders/templates/mmoomm/playcanvas/scripts/index.ts": {"lines":{"total":7,"covered":0,"skipped":0,"pct":0},"functions":{"total":1,"covered":0,"skipped":0,"pct":0},"statements":{"total":7,"covered":0,"skipped":0,"pct":0},"branches":{"total":1,"covered":0,"skipped":0,"pct":0}}
,"/home/vladimir/GigaProjects/universo-platformo-react/apps/publish-frt/base/src/builders/templates/quiz/arjs/ARJSQuizBuilder.ts": {"lines":{"total":95,"covered":19,"skipped":0,"pct":20},"functions":{"total":10,"covered":2,"skipped":0,"pct":20},"statements":{"total":95,"covered":19,"skipped":0,"pct":20},"branches":{"total":2,"covered":2,"skipped":0,"pct":100}}
,"/home/vladimir/GigaProjects/universo-platformo-react/apps/publish-frt/base/src/builders/templates/quiz/arjs/index.ts": {"lines":{"total":1,"covered":0,"skipped":0,"pct":0},"functions":{"total":1,"covered":0,"skipped":0,"pct":0},"statements":{"total":1,"covered":0,"skipped":0,"pct":0},"branches":{"total":1,"covered":0,"skipped":0,"pct":0}}
,"/home/vladimir/GigaProjects/universo-platformo-react/apps/publish-frt/base/src/components/ColyseusSettings.jsx": {"lines":{"total":116,"covered":0,"skipped":0,"pct":0},"functions":{"total":1,"covered":0,"skipped":0,"pct":0},"statements":{"total":116,"covered":0,"skipped":0,"pct":0},"branches":{"total":1,"covered":0,"skipped":0,"pct":0}}
,"/home/vladimir/GigaProjects/universo-platformo-react/apps/publish-frt/base/src/components/GameModeSelector.jsx": {"lines":{"total":42,"covered":0,"skipped":0,"pct":0},"functions":{"total":1,"covered":0,"skipped":0,"pct":0},"statements":{"total":42,"covered":0,"skipped":0,"pct":0},"branches":{"total":1,"covered":0,"skipped":0,"pct":0}}
,"/home/vladimir/GigaProjects/universo-platformo-react/apps/publish-frt/base/src/components/GenerationModeSelect.tsx": {"lines":{"total":28,"covered":25,"skipped":0,"pct":89.28},"functions":{"total":2,"covered":1,"skipped":0,"pct":50},"statements":{"total":28,"covered":25,"skipped":0,"pct":89.28},"branches":{"total":2,"covered":1,"skipped":0,"pct":50}}
,"/home/vladimir/GigaProjects/universo-platformo-react/apps/publish-frt/base/src/components/PublicationLink.tsx": {"lines":{"total":74,"covered":0,"skipped":0,"pct":0},"functions":{"total":1,"covered":0,"skipped":0,"pct":0},"statements":{"total":74,"covered":0,"skipped":0,"pct":0},"branches":{"total":1,"covered":0,"skipped":0,"pct":0}}
,"/home/vladimir/GigaProjects/universo-platformo-react/apps/publish-frt/base/src/components/PublicationLinks.tsx": {"lines":{"total":106,"covered":2,"skipped":0,"pct":1.88},"functions":{"total":1,"covered":0,"skipped":0,"pct":0},"statements":{"total":106,"covered":2,"skipped":0,"pct":1.88},"branches":{"total":0,"covered":0,"skipped":0,"pct":100}}
,"/home/vladimir/GigaProjects/universo-platformo-react/apps/publish-frt/base/src/components/PublishVersionSection.tsx": {"lines":{"total":144,"covered":2,"skipped":0,"pct":1.38},"functions":{"total":1,"covered":0,"skipped":0,"pct":0},"statements":{"total":144,"covered":2,"skipped":0,"pct":1.38},"branches":{"total":0,"covered":0,"skipped":0,"pct":100}}
,"/home/vladimir/GigaProjects/universo-platformo-react/apps/publish-frt/base/src/components/QRCodeSection.jsx": {"lines":{"total":154,"covered":10,"skipped":0,"pct":6.49},"functions":{"total":2,"covered":0,"skipped":0,"pct":0},"statements":{"total":154,"covered":10,"skipped":0,"pct":6.49},"branches":{"total":0,"covered":0,"skipped":0,"pct":100}}
,"/home/vladimir/GigaProjects/universo-platformo-react/apps/publish-frt/base/src/components/TemplateSelect.tsx": {"lines":{"total":70,"covered":64,"skipped":0,"pct":91.42},"functions":{"total":3,"covered":2,"skipped":0,"pct":66.66},"statements":{"total":70,"covered":64,"skipped":0,"pct":91.42},"branches":{"total":14,"covered":8,"skipped":0,"pct":57.14}}
,"/home/vladimir/GigaProjects/universo-platformo-react/apps/publish-frt/base/src/components/index.ts": {"lines":{"total":1,"covered":0,"skipped":0,"pct":0},"functions":{"total":1,"covered":0,"skipped":0,"pct":0},"statements":{"total":1,"covered":0,"skipped":0,"pct":0},"branches":{"total":1,"covered":0,"skipped":0,"pct":0}}
,"/home/vladimir/GigaProjects/universo-platformo-react/apps/publish-frt/base/src/config/appConfig.ts": {"lines":{"total":66,"covered":0,"skipped":0,"pct":0},"functions":{"total":1,"covered":0,"skipped":0,"pct":0},"statements":{"total":66,"covered":0,"skipped":0,"pct":0},"branches":{"total":1,"covered":0,"skipped":0,"pct":0}}
,"/home/vladimir/GigaProjects/universo-platformo-react/apps/publish-frt/base/src/features/arjs/ARJSExporter.jsx": {"lines":{"total":94,"covered":0,"skipped":0,"pct":0},"functions":{"total":1,"covered":0,"skipped":0,"pct":0},"statements":{"total":94,"covered":0,"skipped":0,"pct":0},"branches":{"total":1,"covered":0,"skipped":0,"pct":0}}
,"/home/vladimir/GigaProjects/universo-platformo-react/apps/publish-frt/base/src/features/arjs/ARJSPublisher.jsx": {"lines":{"total":861,"covered":440,"skipped":0,"pct":51.1},"functions":{"total":25,"covered":5,"skipped":0,"pct":20},"statements":{"total":861,"covered":440,"skipped":0,"pct":51.1},"branches":{"total":90,"covered":36,"skipped":0,"pct":40}}
,"/home/vladimir/GigaProjects/universo-platformo-react/apps/publish-frt/base/src/features/playcanvas/PlayCanvasPublisher.jsx": {"lines":{"total":353,"covered":0,"skipped":0,"pct":0},"functions":{"total":1,"covered":0,"skipped":0,"pct":0},"statements":{"total":353,"covered":0,"skipped":0,"pct":0},"branches":{"total":1,"covered":0,"skipped":0,"pct":0}}
,"/home/vladimir/GigaProjects/universo-platformo-react/apps/publish-frt/base/src/i18n/index.ts": {"lines":{"total":13,"covered":0,"skipped":0,"pct":0},"functions":{"total":1,"covered":0,"skipped":0,"pct":0},"statements":{"total":13,"covered":0,"skipped":0,"pct":0},"branches":{"total":1,"covered":0,"skipped":0,"pct":0}}
,"/home/vladimir/GigaProjects/universo-platformo-react/apps/publish-frt/base/src/pages/public/ARViewPage.tsx": {"lines":{"total":110,"covered":0,"skipped":0,"pct":0},"functions":{"total":1,"covered":0,"skipped":0,"pct":0},"statements":{"total":110,"covered":0,"skipped":0,"pct":0},"branches":{"total":1,"covered":0,"skipped":0,"pct":0}}
,"/home/vladimir/GigaProjects/universo-platformo-react/apps/publish-frt/base/src/pages/public/PlayCanvasViewPage.tsx": {"lines":{"total":114,"covered":0,"skipped":0,"pct":0},"functions":{"total":1,"covered":0,"skipped":0,"pct":0},"statements":{"total":114,"covered":0,"skipped":0,"pct":0},"branches":{"total":1,"covered":0,"skipped":0,"pct":0}}
,"/home/vladimir/GigaProjects/universo-platformo-react/apps/publish-frt/base/src/pages/public/PublicFlowView.tsx": {"lines":{"total":158,"covered":0,"skipped":0,"pct":0},"functions":{"total":1,"covered":0,"skipped":0,"pct":0},"statements":{"total":158,"covered":0,"skipped":0,"pct":0},"branches":{"total":1,"covered":0,"skipped":0,"pct":0}}
,"/home/vladimir/GigaProjects/universo-platformo-react/apps/publish-frt/base/src/types/gameMode.types.ts": {"lines":{"total":6,"covered":0,"skipped":0,"pct":0},"functions":{"total":1,"covered":1,"skipped":0,"pct":100},"statements":{"total":6,"covered":0,"skipped":0,"pct":0},"branches":{"total":1,"covered":1,"skipped":0,"pct":100}}
,"/home/vladimir/GigaProjects/universo-platformo-react/apps/publish-frt/base/src/types/library.types.ts": {"lines":{"total":12,"covered":0,"skipped":0,"pct":0},"functions":{"total":1,"covered":1,"skipped":0,"pct":100},"statements":{"total":12,"covered":0,"skipped":0,"pct":0},"branches":{"total":1,"covered":1,"skipped":0,"pct":100}}
,"/home/vladimir/GigaProjects/universo-platformo-react/apps/publish-frt/base/src/types/publication.types.ts": {"lines":{"total":13,"covered":0,"skipped":0,"pct":0},"functions":{"total":1,"covered":1,"skipped":0,"pct":100},"statements":{"total":13,"covered":0,"skipped":0,"pct":0},"branches":{"total":1,"covered":1,"skipped":0,"pct":100}}
,"/home/vladimir/GigaProjects/universo-platformo-react/apps/publish-frt/base/src/utils/base58Validator.ts": {"lines":{"total":13,"covered":2,"skipped":0,"pct":15.38},"functions":{"total":2,"covered":0,"skipped":0,"pct":0},"statements":{"total":13,"covered":2,"skipped":0,"pct":15.38},"branches":{"total":0,"covered":0,"skipped":0,"pct":100}}
,"/home/vladimir/GigaProjects/universo-platformo-react/apps/publish-frt/base/src/utils/svgToPng.js": {"lines":{"total":141,"covered":36,"skipped":0,"pct":25.53},"functions":{"total":4,"covered":0,"skipped":0,"pct":0},"statements":{"total":141,"covered":36,"skipped":0,"pct":25.53},"branches":{"total":0,"covered":0,"skipped":0,"pct":100}}
}
